TN:
SF:server\useCases\CreateTags\CreateTags.ts
FN:9,CreateTags
FN:17,execute
FN:31,createTagsData
FNF:3
FNH:3
FNDA:1,CreateTags
FNDA:2,execute
FNDA:3,createTagsData
DA:1,1
DA:2,1
DA:3,1
DA:4,1
DA:5,1
DA:6,1
DA:7,1
DA:8,1
DA:9,1
DA:10,1
DA:11,1
DA:12,1
DA:13,1
DA:14,1
DA:15,1
DA:16,1
DA:17,1
DA:18,2
DA:19,2
DA:20,2
DA:21,1
DA:22,1
DA:23,1
DA:24,1
DA:25,1
DA:26,1
DA:27,1
DA:28,1
DA:29,1
DA:30,1
DA:31,1
DA:32,3
DA:33,3
DA:34,3
DA:35,3
DA:36,3
DA:37,1
DA:38,1
DA:39,2
DA:40,2
DA:41,2
DA:42,2
DA:43,2
DA:44,2
DA:45,2
DA:46,1
LF:46
LH:46
BRDA:9,0,0,1
BRDA:17,1,0,2
BRDA:20,2,0,1
BRDA:31,3,0,3
BRDA:36,4,0,1
BRDA:39,5,0,2
BRF:6
BRH:6
end_of_record
TN:
SF:server\useCases\CreateUser\CreateUser.ts
FN:6,CreateUser
FN:11,execute
FNF:2
FNH:2
FNDA:1,CreateUser
FNDA:3,execute
DA:1,1
DA:2,1
DA:3,1
DA:4,1
DA:5,1
DA:6,1
DA:7,1
DA:8,1
DA:9,1
DA:10,1
DA:11,1
DA:12,3
DA:13,3
DA:14,3
DA:15,3
DA:16,3
DA:17,1
DA:18,1
DA:19,2
DA:20,3
DA:21,1
DA:22,1
DA:23,1
DA:24,1
DA:25,1
DA:26,1
DA:27,1
DA:28,1
DA:29,1
DA:30,1
DA:31,1
DA:32,1
DA:33,1
LF:33
LH:33
BRDA:6,0,0,1
BRDA:11,1,0,3
BRDA:16,2,0,1
BRDA:19,3,0,2
BRDA:20,4,0,1
BRF:5
BRH:5
end_of_record
TN:
SF:server\useCases\GetUserInfo\GetUserInfo.ts
FN:5,GetUserInfo
FN:9,execute
FNF:2
FNH:2
FNDA:1,GetUserInfo
FNDA:2,execute
DA:1,1
DA:2,1
DA:3,1
DA:4,1
DA:5,1
DA:6,1
DA:7,1
DA:8,1
DA:9,1
DA:10,2
DA:11,2
DA:12,2
DA:13,1
DA:14,1
DA:15,1
DA:16,1
DA:17,1
DA:18,1
DA:19,1
DA:20,1
DA:21,1
DA:22,1
LF:22
LH:22
BRDA:5,0,0,1
BRDA:9,1,0,2
BRDA:12,2,0,1
BRDA:19,3,0,2
BRF:4
BRH:4
end_of_record
TN:
SF:server\useCases\ProductionPlan\ProductionPlan.ts
FN:17,ProductionPlan
FN:21,execute
FN:49,createProductionScript
FN:85,sortProductsByQuantityToBeProduced
FN:108,getMachineInfo
FN:125,processProduct
FN:133,orderArrayOfObjects
FNF:7
FNH:7
FNDA:1,ProductionPlan
FNDA:1,execute
FNDA:1,createProductionScript
FNDA:1,sortProductsByQuantityToBeProduced
FNDA:1,getMachineInfo
FNDA:1,processProduct
FNDA:7,orderArrayOfObjects
DA:1,1
DA:2,1
DA:3,1
DA:4,1
DA:5,1
DA:6,1
DA:7,1
DA:8,1
DA:9,1
DA:10,1
DA:11,1
DA:12,1
DA:13,1
DA:14,1
DA:15,1
DA:16,1
DA:17,1
DA:18,1
DA:19,1
DA:20,1
DA:21,1
DA:22,1
DA:23,1
DA:24,1
DA:25,1
DA:26,1
DA:27,1
DA:28,1
DA:29,1
DA:30,1
DA:31,1
DA:32,1
DA:33,1
DA:34,1
DA:35,1
DA:36,1
DA:37,1
DA:38,1
DA:39,1
DA:40,1
DA:41,1
DA:42,1
DA:43,1
DA:44,1
DA:45,1
DA:46,1
DA:47,1
DA:48,1
DA:49,1
DA:50,1
DA:51,1
DA:52,1
DA:53,1
DA:54,1
DA:55,3
DA:56,3
DA:57,3
DA:58,3
DA:59,3
DA:60,3
DA:61,3
DA:62,3
DA:63,3
DA:64,3
DA:65,3
DA:66,3
DA:67,3
DA:68,3
DA:69,3
DA:70,3
DA:71,3
DA:72,3
DA:73,3
DA:74,3
DA:75,3
DA:76,3
DA:77,3
DA:78,3
DA:79,3
DA:80,1
DA:81,1
DA:82,1
DA:83,1
DA:84,1
DA:85,1
DA:86,1
DA:87,1
DA:88,2
DA:89,2
DA:90,2
DA:91,2
DA:92,2
DA:93,2
DA:94,2
DA:95,2
DA:96,0
DA:97,0
DA:98,2
DA:99,2
DA:100,0
DA:101,2
DA:102,0
DA:103,0
DA:104,2
DA:105,1
DA:106,1
DA:107,1
DA:108,1
DA:109,1
DA:110,1
DA:111,1
DA:112,2
DA:113,2
DA:114,2
DA:115,2
DA:116,2
DA:117,2
DA:118,2
DA:119,2
DA:120,2
DA:121,1
DA:122,1
DA:123,1
DA:124,1
DA:125,1
DA:126,1
DA:127,3
DA:128,3
DA:129,3
DA:130,1
DA:131,1
DA:132,1
DA:133,1
DA:134,7
DA:135,7
DA:136,7
DA:137,7
DA:138,7
DA:139,7
DA:140,9
DA:141,4
DA:142,4
DA:143,9
DA:144,4
DA:145,4
DA:146,1
DA:147,7
DA:148,7
DA:149,1
LF:149
LH:144
BRDA:17,0,0,1
BRDA:21,1,0,1
BRDA:49,2,0,1
BRDA:54,3,0,3
BRDA:78,4,0,1
BRDA:79,5,0,2
BRDA:85,6,0,1
BRDA:87,7,0,2
BRDA:95,8,0,0
BRDA:99,9,0,0
BRDA:101,10,0,0
BRDA:108,11,0,1
BRDA:111,12,0,2
BRDA:125,13,0,1
BRDA:126,14,0,3
BRDA:133,15,0,7
BRDA:139,16,0,9
BRDA:140,17,0,4
BRDA:141,18,0,3
BRDA:141,19,0,1
BRDA:143,20,0,5
BRDA:143,21,0,4
BRDA:144,22,0,2
BRDA:144,23,0,2
BRDA:146,24,0,1
BRF:25
BRH:22
end_of_record
TN:
SF:server\useCases\UserAuth\UserAuth.ts
FN:7,UserAuth
FN:13,execute
FNF:2
FNH:2
FNDA:1,UserAuth
FNDA:3,execute
DA:1,1
DA:2,1
DA:3,1
DA:4,1
DA:5,1
DA:6,1
DA:7,1
DA:8,1
DA:9,1
DA:10,1
DA:11,1
DA:12,1
DA:13,1
DA:14,3
DA:15,3
DA:16,3
DA:17,1
DA:18,1
DA:19,2
DA:20,3
DA:21,1
DA:22,1
DA:23,1
DA:24,1
DA:25,1
DA:26,1
DA:27,1
DA:28,1
DA:29,1
DA:30,1
DA:31,1
DA:32,1
DA:33,1
LF:33
LH:33
BRDA:7,0,0,1
BRDA:13,1,0,3
BRDA:16,2,0,1
BRDA:19,3,0,2
BRDA:20,4,0,1
BRF:5
BRH:5
end_of_record
